Arguments: 
  /usr/local/Cellar/node/16.2.0/bin/node /usr/local/Cellar/yarn/1.22.10/libexec/bin/yarn.js install

PATH: 
  /Library/Frameworks/Python.framework/Versions/3.9/bin:/usr/local/bin:/usr/bin:/bin:/usr/sbin:/sbin

Yarn version: 
  1.22.10

Node version: 
  16.2.0

Platform: 
  darwin x64

Trace: 
  Error: write EADDRNOTAVAIL
      at WriteWrap.onWriteComplete [as oncomplete] (node:internal/stream_base_commons:94:16)
      at handleWriteReq (node:internal/stream_base_commons:58:21)
      at writeGeneric (node:internal/stream_base_commons:149:15)
      at TLSSocket.Socket._writeGeneric (node:net:769:11)
      at TLSSocket.Socket._write (node:net:781:8)
      at doWrite (node:internal/streams/writable:408:12)
      at clearBuffer (node:internal/streams/writable:569:7)
      at TLSSocket.Writable.uncork (node:internal/streams/writable:348:7)
      at ClientRequest._flushOutput (node:_http_outgoing:967:10)
      at ClientRequest._flush (node:_http_outgoing:936:22)

npm manifest: 
  {
    "main": "node_modules/expo/AppEntry.js",
    "scripts": {
      "start": "expo start",
      "android": "expo start --android",
      "ios": "expo start --ios",
      "web": "expo start --web",
      "eject": "expo eject"
    },
    "dependencies": {
      "expo": "~42.0.1",
      "expo-status-bar": "~1.0.4",
      "react": "16.13.1",
      "react-dom": "16.13.1",
      "react-native": "https://github.com/expo/react-native/archive/sdk-42.0.0.tar.gz",
      "react-native-web": "~0.13.12"
    },
    "devDependencies": {
      "@babel/core": "^7.9.0"
    },
    "private": true
  }

yarn manifest: 
  No manifest

Lockfile: 
  No lockfile
